# JRE version: OpenJDK Runtime Environment (19.0+36) (build 19+36-2238)
# Java VM: OpenJDK 64-Bit Server VM (19+36-2238, mixed mode, sharing, tiered, compressed oops, compressed class ptrs, g1 gc, windows-amd64)
GC Precious Log:
 CardTable entry size: 512
 Card Set container configuration: InlinePtr #cards 4 size 8 Array Of Cards #cards 8 size 32 Howl #buckets 8 coarsen threshold 3686 Howl Bitmap #cards 512 size 80 coarsen threshold 460 Card regions per heap region 1 cards per card region 4096
 CPUs: 12 total, 12 available
 Memory: 16108M
 Large Page Support: Disabled
 NUMA Support: Disabled
 Compressed Oops: Enabled (Zero based)
 Heap Region Size: 2M
 Heap Min Capacity: 8M
 Heap Initial Capacity: 252M
 Heap Max Capacity: 4028M
 Pre-touch: Disabled
 Parallel Workers: 10
 Concurrent Workers: 3
 Concurrent Refinement Workers: 10
 Periodic GC: Disabled
Heap:
 garbage-first heap   total 75776K, used 51034K [0x0000000704400000, 0x0000000800000000)
  region size 2048K, 16 young (32768K), 1 survivors (2048K)
 Metaspace       used 52205K, committed 52736K, reserved 1114112K
  class space    used 6724K, committed 6976K, reserved 1048576K
GC Heap History (20 events):
Event: 1.858 GC heap before
{Heap before GC invocations=2 (full 0):
 garbage-first heap   total 258048K, used 146535K [0x0000000704400000, 0x0000000800000000)
  region size 2048K, 71 young (145408K), 1 survivors (2048K)
 Metaspace       used 21184K, committed 21504K, reserved 1114112K
  class space    used 2390K, committed 2560K, reserved 1048576K
}
Event: 1.861 GC heap after
{Heap after GC invocations=3 (full 0):
 garbage-first heap   total 258048K, used 12097K [0x0000000704400000, 0x0000000800000000)
  region size 2048K, 3 young (6144K), 3 survivors (6144K)
 Metaspace       used 21184K, committed 21504K, reserved 1114112K
  class space    used 2390K, committed 2560K, reserved 1048576K
}
Event: 2.195 GC heap before
{Heap before GC invocations=4 (full 0):
 garbage-first heap   total 55296K, used 48961K [0x0000000704400000, 0x0000000800000000)
  region size 2048K, 21 young (43008K), 3 survivors (6144K)
 Metaspace       used 23513K, committed 23808K, reserved 1114112K
  class space    used 2721K, committed 2880K, reserved 1048576K
}
Event: 2.199 GC heap after
{Heap after GC invocations=5 (full 0):
 garbage-first heap   total 59392K, used 13562K [0x0000000704400000, 0x0000000800000000)
  region size 2048K, 1 young (2048K), 1 survivors (2048K)
 Metaspace       used 23513K, committed 23808K, reserved 1114112K
  class space    used 2721K, committed 2880K, reserved 1048576K
}
Event: 2.223 GC heap before
{Heap before GC invocations=5 (full 0):
 garbage-first heap   total 59392K, used 15610K [0x0000000704400000, 0x0000000800000000)
  region size 2048K, 2 young (4096K), 1 survivors (2048K)
 Metaspace       used 23627K, committed 23936K, reserved 1114112K
  class space    used 2737K, committed 2880K, reserved 1048576K
}
Event: 2.225 GC heap after
{Heap after GC invocations=6 (full 0):
 garbage-first heap   total 59392K, used 14246K [0x0000000704400000, 0x0000000800000000)
  region size 2048K, 1 young (2048K), 1 survivors (2048K)
 Metaspace       used 23627K, committed 23936K, reserved 1114112K
  class space    used 2737K, committed 2880K, reserved 1048576K
}
Event: 2.505 GC heap before
{Heap before GC invocations=6 (full 0):
 garbage-first heap   total 59392K, used 38822K [0x0000000704400000, 0x0000000800000000)
  region size 2048K, 14 young (28672K), 1 survivors (2048K)
 Metaspace       used 26021K, committed 26432K, reserved 1114112K
  class space    used 3098K, committed 3264K, reserved 1048576K
}
Event: 2.507 GC heap after
{Heap after GC invocations=7 (full 0):
 garbage-first heap   total 159744K, used 15565K [0x0000000704400000, 0x0000000800000000)
  region size 2048K, 1 young (2048K), 1 survivors (2048K)
 Metaspace       used 26021K, committed 26432K, reserved 1114112K
  class space    used 3098K, committed 3264K, reserved 1048576K
}
Event: 3.399 GC heap before
{Heap before GC invocations=7 (full 0):
 garbage-first heap   total 159744K, used 107725K [0x0000000704400000, 0x0000000800000000)
  region size 2048K, 46 young (94208K), 1 survivors (2048K)
 Metaspace       used 34865K, committed 35328K, reserved 1114112K
  class space    used 4273K, committed 4480K, reserved 1048576K
}
Event: 3.404 GC heap after
{Heap after GC invocations=8 (full 0):
 garbage-first heap   total 159744K, used 19492K [0x0000000704400000, 0x0000000800000000)
  region size 2048K, 3 young (6144K), 3 survivors (6144K)
 Metaspace       used 34865K, committed 35328K, reserved 1114112K
  class space    used 4273K, committed 4480K, reserved 1048576K
}
Event: 3.445 GC heap before
{Heap before GC invocations=8 (full 0):
 garbage-first heap   total 159744K, used 25636K [0x0000000704400000, 0x0000000800000000)
  region size 2048K, 7 young (14336K), 3 survivors (6144K)
 Metaspace       used 35491K, committed 35968K, reserved 1114112K
  class space    used 4374K, committed 4608K, reserved 1048576K
}
Event: 3.449 GC heap after
{Heap after GC invocations=9 (full 0):
 garbage-first heap   total 159744K, used 19488K [0x0000000704400000, 0x0000000800000000)
  region size 2048K, 3 young (6144K), 3 survivors (6144K)
 Metaspace       used 35491K, committed 35968K, reserved 1114112K
  class space    used 4374K, committed 4608K, reserved 1048576K
}
Event: 3.768 GC heap before
{Heap before GC invocations=10 (full 0):
 garbage-first heap   total 75776K, used 66592K [0x0000000704400000, 0x0000000800000000)
  region size 2048K, 26 young (53248K), 3 survivors (6144K)
 Metaspace       used 40657K, committed 41216K, reserved 1114112K
  class space    used 5008K, committed 5248K, reserved 1048576K
}
Event: 3.772 GC heap after
{Heap after GC invocations=11 (full 0):
 garbage-first heap   total 75776K, used 21362K [0x0000000704400000, 0x0000000800000000)
  region size 2048K, 3 young (6144K), 3 survivors (6144K)
 Metaspace       used 40657K, committed 41216K, reserved 1114112K
  class space    used 5008K, committed 5248K, reserved 1048576K
}
Event: 3.796 GC heap before
{Heap before GC invocations=11 (full 0):
 garbage-first heap   total 75776K, used 23410K [0x0000000704400000, 0x0000000800000000)
  region size 2048K, 4 young (8192K), 3 survivors (6144K)
 Metaspace       used 40862K, committed 41408K, reserved 1114112K
  class space    used 5044K, committed 5312K, reserved 1048576K
}
Event: 3.799 GC heap after
{Heap after GC invocations=12 (full 0):
 garbage-first heap   total 75776K, used 21294K [0x0000000704400000, 0x0000000800000000)
  region size 2048K, 1 young (2048K), 1 survivors (2048K)
 Metaspace       used 40862K, committed 41408K, reserved 1114112K
  class space    used 5044K, committed 5312K, reserved 1048576K
}
Event: 4.097 GC heap before
{Heap before GC invocations=12 (full 0):
 garbage-first heap   total 75776K, used 56110K [0x0000000704400000, 0x0000000800000000)
  region size 2048K, 19 young (38912K), 1 survivors (2048K)
 Metaspace       used 44482K, committed 45056K, reserved 1114112K
  class space    used 5523K, committed 5760K, reserved 1048576K
}
Event: 4.099 GC heap after
{Heap after GC invocations=13 (full 0):
 garbage-first heap   total 75776K, used 21927K [0x0000000704400000, 0x0000000800000000)
  region size 2048K, 1 young (2048K), 1 survivors (2048K)
 Metaspace       used 44482K, committed 45056K, reserved 1114112K
  class space    used 5523K, committed 5760K, reserved 1048576K
}
Event: 4.356 GC heap before
{Heap before GC invocations=13 (full 0):
 garbage-first heap   total 75776K, used 58791K [0x0000000704400000, 0x0000000800000000)
  region size 2048K, 20 young (40960K), 1 survivors (2048K)
 Metaspace       used 49099K, committed 49600K, reserved 1114112K
  class space    used 6294K, committed 6528K, reserved 1048576K
}
Event: 4.358 GC heap after
{Heap after GC invocations=14 (full 0):
 garbage-first heap   total 75776K, used 22362K [0x0000000704400000, 0x0000000800000000)
  region size 2048K, 1 young (2048K), 1 survivors (2048K)
 Metaspace       used 49099K, committed 49600K, reserved 1114112K
  class space    used 6294K, committed 6528K, reserved 1048576K
}

